<?xml version="1.0" encoding="UTF-8"?>
<testng-results ignored="0" total="1" passed="0" failed="1" skipped="0">
  <reporter-output>
    <line>
      <![CDATA[Launching browser]]>
    </line>
    <line>
      <![CDATA[Waiting for 1000 milisec.....]]>
    </line>
    <line>
      <![CDATA[Clicking on homepage signIn Button]]>
    </line>
    <line>
      <![CDATA[Waiting for 1000 milisec.....]]>
    </line>
    <line>
      <![CDATA[Reading Data from Excel 0Cell Number 0]]>
    </line>
    <line>
      <![CDATA[Entering Mobile Number]]>
    </line>
    <line>
      <![CDATA[Waiting for 1000 milisec.....]]>
    </line>
    <line>
      <![CDATA[Clicking on signIn with password button]]>
    </line>
    <line>
      <![CDATA[Waiting for 1000 milisec.....]]>
    </line>
    <line>
      <![CDATA[Reading Data from Excel 0Cell Number 1]]>
    </line>
    <line>
      <![CDATA[Entering Password ]]>
    </line>
    <line>
      <![CDATA[Waiting for 1000 milisec.....]]>
    </line>
    <line>
      <![CDATA[clicking on signin button]]>
    </line>
    <line>
      <![CDATA[Waiting for 2000 milisec.....]]>
    </line>
    <line>
      <![CDATA[clicking on MyAccount]]>
    </line>
    <line>
      <![CDATA[Waiting for 1000 milisec.....]]>
    </line>
    <line>
      <![CDATA[Clicking on MyProfile]]>
    </line>
    <line>
      <![CDATA[Waiting for 1000 milisec.....]]>
    </line>
    <line>
      <![CDATA[Waiting for 2000 milisec.....]]>
    </line>
    <line>
      <![CDATA[Reading Data from Excel 0Cell Number 2]]>
    </line>
    <line>
      <![CDATA[getting actual username]]>
    </line>
    <line>
      <![CDATA[Waiting for 1000 milisec.....]]>
    </line>
    <line>
      <![CDATA[click on LogOutButton]]>
    </line>
    <line>
      <![CDATA[Waiting for 2000 milisec.....]]>
    </line>
    <line>
      <![CDATA[Waiting for 1000 milisec.....]]>
    </line>
    <line>
      <![CDATA[Waiting for 2000 milisec.....]]>
    </line>
  </reporter-output>
  <suite started-at="2023-07-12T11:23:59 IST" name="Default suite" finished-at="2023-07-12T11:24:25 IST" duration-ms="25844">
    <groups>
    </groups>
    <test started-at="2023-07-12T11:23:59 IST" name="Default test" finished-at="2023-07-12T11:24:25 IST" duration-ms="25844">
      <class name="testPolicyBazar.PB_TC4567_ValidateUserName">
        <test-method is-config="true" signature="openBrowser()[pri:0, instance:testPolicyBazar.PB_TC4567_ValidateUserName@534a5a98]" started-at="2023-07-12T11:23:59 IST" name="openBrowser" finished-at="2023-07-12T11:24:05 IST" duration-ms="6324" status="PASS">
          <reporter-output>
            <line>
              <![CDATA[Launching browser]]>
            </line>
            <line>
              <![CDATA[Waiting for 1000 milisec.....]]>
            </line>
          </reporter-output>
        </test-method> <!-- openBrowser -->
        <test-method is-config="true" signature="loginToPolicyBazaar()[pri:0, instance:testPolicyBazar.PB_TC4567_ValidateUserName@534a5a98]" started-at="2023-07-12T11:24:05 IST" name="loginToPolicyBazaar" finished-at="2023-07-12T11:24:18 IST" duration-ms="12934" status="PASS">
          <reporter-output>
            <line>
              <![CDATA[Clicking on homepage signIn Button]]>
            </line>
            <line>
              <![CDATA[Waiting for 1000 milisec.....]]>
            </line>
            <line>
              <![CDATA[Reading Data from Excel 0Cell Number 0]]>
            </line>
            <line>
              <![CDATA[Entering Mobile Number]]>
            </line>
            <line>
              <![CDATA[Waiting for 1000 milisec.....]]>
            </line>
            <line>
              <![CDATA[Clicking on signIn with password button]]>
            </line>
            <line>
              <![CDATA[Waiting for 1000 milisec.....]]>
            </line>
            <line>
              <![CDATA[Reading Data from Excel 0Cell Number 1]]>
            </line>
            <line>
              <![CDATA[Entering Password ]]>
            </line>
            <line>
              <![CDATA[Waiting for 1000 milisec.....]]>
            </line>
            <line>
              <![CDATA[clicking on signin button]]>
            </line>
            <line>
              <![CDATA[Waiting for 2000 milisec.....]]>
            </line>
            <line>
              <![CDATA[clicking on MyAccount]]>
            </line>
            <line>
              <![CDATA[Waiting for 1000 milisec.....]]>
            </line>
            <line>
              <![CDATA[Clicking on MyProfile]]>
            </line>
            <line>
              <![CDATA[Waiting for 1000 milisec.....]]>
            </line>
            <line>
              <![CDATA[Waiting for 2000 milisec.....]]>
            </line>
          </reporter-output>
        </test-method> <!-- loginToPolicyBazaar -->
        <test-method signature="validateUserName()[pri:0, instance:testPolicyBazar.PB_TC4567_ValidateUserName@534a5a98]" started-at="2023-07-12T11:24:18 IST" name="validateUserName" finished-at="2023-07-12T11:24:18 IST" duration-ms="267" status="FAIL">
          <exception class="java.lang.AssertionError">
            <message>
              <![CDATA[TC failed, actual and expected username are not matched......! expected [Rajashri Kadam1] but found [Rajashri Kadam]]]>
            </message>
            <full-stacktrace>
              <![CDATA[java.lang.AssertionError: TC failed, actual and expected username are not matched......! expected [Rajashri Kadam1] but found [Rajashri Kadam]
at org.testng.Assert.fail(Assert.java:99)
at org.testng.Assert.failNotEquals(Assert.java:1037)
at org.testng.Assert.assertEqualsImpl(Assert.java:140)
at org.testng.Assert.assertEquals(Assert.java:122)
at org.testng.Assert.assertEquals(Assert.java:629)
at testPolicyBazar.PB_TC4567_ValidateUserName.validateUserName(PB_TC4567_ValidateUserName.java:66)
at java.base/jdk.internal.reflect.NativeMethodAccessorImpl.invoke0(Native Method)
at java.base/jdk.internal.reflect.NativeMethodAccessorImpl.invoke(NativeMethodAccessorImpl.java:77)
at java.base/jdk.internal.reflect.DelegatingMethodAccessorImpl.invoke(DelegatingMethodAccessorImpl.java:43)
at java.base/java.lang.reflect.Method.invoke(Method.java:568)
at org.testng.internal.MethodInvocationHelper.invokeMethod(MethodInvocationHelper.java:133)
at org.testng.internal.TestInvoker.invokeMethod(TestInvoker.java:598)
at org.testng.internal.TestInvoker.invokeTestMethod(TestInvoker.java:173)
at org.testng.internal.MethodRunner.runInSequence(MethodRunner.java:46)
at org.testng.internal.TestInvoker$MethodInvocationAgent.invoke(TestInvoker.java:824)
at org.testng.internal.TestInvoker.invokeTestMethods(TestInvoker.java:146)
at org.testng.internal.TestMethodWorker.invokeTestMethods(TestMethodWorker.java:146)
at org.testng.internal.TestMethodWorker.run(TestMethodWorker.java:128)
at java.base/java.util.ArrayList.forEach(ArrayList.java:1511)
at org.testng.TestRunner.privateRun(TestRunner.java:794)
at org.testng.TestRunner.run(TestRunner.java:596)
at org.testng.SuiteRunner.runTest(SuiteRunner.java:377)
at org.testng.SuiteRunner.runSequentially(SuiteRunner.java:371)
at org.testng.SuiteRunner.privateRun(SuiteRunner.java:332)
at org.testng.SuiteRunner.run(SuiteRunner.java:276)
at org.testng.SuiteRunnerWorker.runSuite(SuiteRunnerWorker.java:53)
at org.testng.SuiteRunnerWorker.run(SuiteRunnerWorker.java:96)
at org.testng.TestNG.runSuitesSequentially(TestNG.java:1212)
at org.testng.TestNG.runSuitesLocally(TestNG.java:1134)
at org.testng.TestNG.runSuites(TestNG.java:1063)
at org.testng.TestNG.run(TestNG.java:1031)
at org.testng.remote.AbstractRemoteTestNG.run(AbstractRemoteTestNG.java:115)
at org.testng.remote.RemoteTestNG.initAndRun(RemoteTestNG.java:251)
at org.testng.remote.RemoteTestNG.main(RemoteTestNG.java:77)
]]>
            </full-stacktrace>
          </exception> <!-- java.lang.AssertionError -->
          <reporter-output>
            <line>
              <![CDATA[Reading Data from Excel 0Cell Number 2]]>
            </line>
            <line>
              <![CDATA[getting actual username]]>
            </line>
          </reporter-output>
        </test-method> <!-- validateUserName -->
        <test-method is-config="true" signature="logOutFromPolicuBazar()[pri:0, instance:testPolicyBazar.PB_TC4567_ValidateUserName@534a5a98]" started-at="2023-07-12T11:24:18 IST" name="logOutFromPolicuBazar" finished-at="2023-07-12T11:24:21 IST" duration-ms="3203" status="PASS">
          <reporter-output>
            <line>
              <![CDATA[Waiting for 1000 milisec.....]]>
            </line>
            <line>
              <![CDATA[click on LogOutButton]]>
            </line>
            <line>
              <![CDATA[Waiting for 2000 milisec.....]]>
            </line>
          </reporter-output>
        </test-method> <!-- logOutFromPolicuBazar -->
        <test-method is-config="true" signature="quiteBrowser()[pri:0, instance:testPolicyBazar.PB_TC4567_ValidateUserName@534a5a98]" started-at="2023-07-12T11:24:21 IST" name="quiteBrowser" finished-at="2023-07-12T11:24:25 IST" duration-ms="3071" status="PASS">
          <reporter-output>
            <line>
              <![CDATA[Waiting for 1000 milisec.....]]>
            </line>
            <line>
              <![CDATA[Waiting for 2000 milisec.....]]>
            </line>
          </reporter-output>
        </test-method> <!-- quiteBrowser -->
      </class> <!-- testPolicyBazar.PB_TC4567_ValidateUserName -->
    </test> <!-- Default test -->
  </suite> <!-- Default suite -->
</testng-results>
